[INFO] Scanning for projects...
[INFO] 
[INFO] --------------------< com.example:cafe_manager_api >--------------------
[INFO] Building cafe_manager_api 0.0.1-SNAPSHOT
[INFO]   from pom.xml
[INFO] --------------------------------[ jar ]---------------------------------
[INFO] 
[INFO] >>> spring-boot:3.2.0:run (default-cli) > test-compile @ cafe_manager_api >>>
[INFO] 
[INFO] --- resources:3.3.1:resources (default-resources) @ cafe_manager_api ---
[INFO] Copying 1 resource from src\main\resources to target\classes
[INFO] Copying 0 resource from src\main\resources to target\classes
[INFO] 
[INFO] --- compiler:3.11.0:compile (default-compile) @ cafe_manager_api ---
[INFO] Nothing to compile - all classes are up to date
[INFO] 
[INFO] --- resources:3.3.1:testResources (default-testResources) @ cafe_manager_api ---
[INFO] skip non existing resourceDirectory D:\Nam2\SE114\backend\src\test\resources
[INFO] 
[INFO] --- compiler:3.11.0:testCompile (default-testCompile) @ cafe_manager_api ---
[INFO] No sources to compile
[INFO] 
[INFO] <<< spring-boot:3.2.0:run (default-cli) < test-compile @ cafe_manager_api <<<
[INFO] 
[INFO] 
[INFO] --- spring-boot:3.2.0:run (default-cli) @ cafe_manager_api ---
[INFO] Attaching agents: []

  .   ____          _            __ _ _
 /\\ / ___'_ __ _ _(_)_ __  __ _ \ \ \ \
( ( )\___ | '_ | '_| | '_ \/ _` | \ \ \ \
 \\/  ___)| |_)| | | | | || (_| |  ) ) ) )
  '  |____| .__|_| |_|_| |_\__, | / / / /
 =========|_|==============|___/=/_/_/_/
 :: Spring Boot ::                (v3.2.0)

2026-06-26T13:46:00.545+07:00  INFO 31304 --- [           main] c.e.c.CafeManagerApiApplication          : Starting CafeManagerApiApplication using Java 17.0.18 with PID 31304 (D:\Nam2\SE114\backend\target\classes started by LENOVO in D:\Nam2\SE114\backend)
2026-06-26T13:46:00.561+07:00  INFO 31304 --- [           main] c.e.c.CafeManagerApiApplication          : No active profile set, falling back to 1 default profile: "default"
2026-06-26T13:46:01.569+07:00  INFO 31304 --- [           main] .s.d.r.c.RepositoryConfigurationDelegate : Bootstrapping Spring Data JPA repositories in DEFAULT mode.
2026-06-26T13:46:01.721+07:00  INFO 31304 --- [           main] .s.d.r.c.RepositoryConfigurationDelegate : Finished Spring Data repository scanning in 147 ms. Found 25 JPA repository interfaces.
2026-06-26T13:46:02.521+07:00  INFO 31304 --- [           main] o.s.b.w.embedded.tomcat.TomcatWebServer  : Tomcat initialized with port 8080 (http)
2026-06-26T13:46:02.532+07:00  INFO 31304 --- [           main] o.apache.catalina.core.StandardService   : Starting service [Tomcat]
2026-06-26T13:46:02.532+07:00  INFO 31304 --- [           main] o.apache.catalina.core.StandardEngine    : Starting Servlet engine: [Apache Tomcat/10.1.16]
2026-06-26T13:46:02.621+07:00  INFO 31304 --- [           main] o.a.c.c.C.[Tomcat].[localhost].[/]       : Initializing Spring embedded WebApplicationContext
2026-06-26T13:46:02.623+07:00  INFO 31304 --- [           main] w.s.c.ServletWebServerApplicationContext : Root WebApplicationContext: initialization completed in 1997 ms
2026-06-26T13:46:02.817+07:00  INFO 31304 --- [           main] o.hibernate.jpa.internal.util.LogHelper  : HHH000204: Processing PersistenceUnitInfo [name: default]
2026-06-26T13:46:02.892+07:00  INFO 31304 --- [           main] org.hibernate.Version                    : HHH000412: Hibernate ORM core version 6.3.1.Final
2026-06-26T13:46:02.938+07:00  INFO 31304 --- [           main] o.h.c.internal.RegionFactoryInitiator    : HHH000026: Second-level cache disabled
2026-06-26T13:46:03.234+07:00  INFO 31304 --- [           main] o.s.o.j.p.SpringPersistenceUnitInfo      : No LoadTimeWeaver setup: ignoring JPA class transformer
2026-06-26T13:46:03.272+07:00  INFO 31304 --- [           main] com.zaxxer.hikari.HikariDataSource       : HikariPool-1 - Starting...
2026-06-26T13:46:05.172+07:00  INFO 31304 --- [           main] com.zaxxer.hikari.pool.HikariPool        : HikariPool-1 - Added connection org.postgresql.jdbc.PgConnection@17d76ebb
2026-06-26T13:46:05.174+07:00  INFO 31304 --- [           main] com.zaxxer.hikari.HikariDataSource       : HikariPool-1 - Start completed.
2026-06-26T13:46:05.322+07:00  WARN 31304 --- [           main] org.hibernate.orm.deprecation            : HHH90000025: PostgreSQLDialect does not need to be specified explicitly using 'hibernate.dialect' (remove the property setting and it will be selected by default)
2026-06-26T13:46:07.109+07:00  INFO 31304 --- [           main] o.h.e.t.j.p.i.JtaPlatformInitiator       : HHH000489: No JTA platform available (set 'hibernate.transaction.jta.platform' to enable JTA platform integration)
Hibernate: 
    alter table if exists employee_weekly_availability 
       drop constraint if exists uc_user_template_day
2026-06-26T13:46:09.056+07:00  WARN 31304 --- [           main] o.h.engine.jdbc.spi.SqlExceptionHelper   : SQL Warning Code: 0, SQLState: 00000
2026-06-26T13:46:09.056+07:00  WARN 31304 --- [           main] o.h.engine.jdbc.spi.SqlExceptionHelper   : constraint "uc_user_template_day" of relation "employee_weekly_availability" does not exist, skipping
Hibernate: 
    alter table if exists employee_weekly_availability 
       add constraint uc_user_template_day unique (user_id, template_id, day_of_week)
2026-06-26T13:46:09.557+07:00  INFO 31304 --- [           main] j.LocalContainerEntityManagerFactoryBean : Initialized JPA EntityManagerFactory for persistence unit 'default'
2026-06-26T13:46:09.894+07:00  INFO 31304 --- [           main] o.s.d.j.r.query.QueryEnhancerFactory     : Hibernate is in classpath; If applicable, HQL parser will be used.
2026-06-26T13:46:11.938+07:00  WARN 31304 --- [           main] JpaBaseConfiguration$JpaWebConfiguration : spring.jpa.open-in-view is enabled by default. Therefore, database queries may be performed during view rendering. Explicitly configure spring.jpa.open-in-view to disable this warning
2026-06-26T13:46:11.965+07:00  WARN 31304 --- [           main] .s.s.UserDetailsServiceAutoConfiguration : 

Using generated security password: 48500fea-5cff-43d4-8ace-713f642456f8

This generated password is for development use only. Your security configuration must be updated before running your application in production.

2026-06-26T13:46:12.346+07:00  INFO 31304 --- [           main] o.s.s.web.DefaultSecurityFilterChain     : Will secure any request with [org.springframework.security.web.session.DisableEncodeUrlFilter@f80a0ad, org.springframework.security.web.context.request.async.WebAsyncManagerIntegrationFilter@2655ad3b, org.springframework.security.web.context.SecurityContextHolderFilter@4c93cf28, org.springframework.security.web.header.HeaderWriterFilter@1d691240, org.springframework.web.filter.CorsFilter@5cd549ae, org.springframework.security.web.authentication.logout.LogoutFilter@2981a626, com.example.cafe_manager_api.security.JwtAuthFilter@2afd8972, org.springframework.security.web.savedrequest.RequestCacheAwareFilter@47be3679, org.springframework.security.web.servletapi.SecurityContextHolderAwareRequestFilter@6272fe30, org.springframework.security.web.authentication.AnonymousAuthenticationFilter@44535df8, org.springframework.security.web.session.SessionManagementFilter@6b7d363c, org.springframework.security.web.access.ExceptionTranslationFilter@1c175d38, org.springframework.security.web.access.intercept.AuthorizationFilter@6f78d086]
2026-06-26T13:46:12.660+07:00  WARN 31304 --- [           main] ConfigServletWebServerApplicationContext : Exception encountered during context initialization - cancelling refresh attempt: org.springframework.context.ApplicationContextException: Failed to start bean 'webServerStartStop'
2026-06-26T13:46:12.667+07:00  INFO 31304 --- [           main] j.LocalContainerEntityManagerFactoryBean : Closing JPA EntityManagerFactory for persistence unit 'default'
2026-06-26T13:46:12.669+07:00  INFO 31304 --- [           main] com.zaxxer.hikari.HikariDataSource       : HikariPool-1 - Shutdown initiated...
2026-06-26T13:46:13.001+07:00  INFO 31304 --- [           main] com.zaxxer.hikari.HikariDataSource       : HikariPool-1 - Shutdown completed.
2026-06-26T13:46:13.017+07:00  INFO 31304 --- [           main] .s.b.a.l.ConditionEvaluationReportLogger : 

Error starting ApplicationContext. To display the condition evaluation report re-run your application with 'debug' enabled.
2026-06-26T13:46:13.036+07:00 ERROR 31304 --- [           main] o.s.b.d.LoggingFailureAnalysisReporter   : 

***************************
APPLICATION FAILED TO START
***************************

Description:

Web server failed to start. Port 8080 was already in use.

Action:

Identify and stop the process that's listening on port 8080 or configure this application to listen on another port.

[INFO] ------------------------------------------------------------------------
[INFO] BUILD FAILURE
[INFO] ------------------------------------------------------------------------
[INFO] Total time:  17.059 s
[INFO] Finished at: 2026-06-26T13:46:13+07:00
[INFO] ------------------------------------------------------------------------
[ERROR] Failed to execute goal org.springframework.boot:spring-boot-maven-plugin:3.2.0:run (default-cli) on project cafe_manager_api: Process terminated with exit code: 1 -> [Help 1]
[ERROR] 
[ERROR] To see the full stack trace of the errors, re-run Maven with the -e switch.
[ERROR] Re-run Maven using the -X switch to enable full debug logging.
[ERROR] 
[ERROR] For more information about the errors and possible solutions, please read the following articles:
[ERROR] [Help 1] http://cwiki.apache.org/confluence/display/MAVEN/MojoExecutionException
